{
     "connectOption" => "iput",
    "rodsZoneClient" => "sdcCineca",
    "userNameClient" => "irodsmaster",
    "operation_type" => "write",
          "dataType" => "generic",
          "filePath" => "/mnt/data1/irods/Vault/home/irodsmaster/quota-error.log",
          "dataSize" => "1450",
        "replStatus" => "1",
           "trigger" => "acPostProcForModifyDataObjMeta",
           "replNum" => "0",
           "message" => "trigger=acPostProcForModifyDataObjMeta, chksum=, connectOption=iput, dataId=1860218, dataSize=1450, dataType=generic, destRescName=, filePath=/mnt/data1/irods/Vault/home/irodsmaster/quota-error.log, objPath=/sdcCineca/home/irodsmaster/quota-error.log, replNum=0, replStatus=1, rescName=cinecaRes1, rodsZoneClient=sdcCineca, rodsZoneProxy=sdcCineca, userNameClient=irodsmaster, userNameProxy=irodsmaster, writeFlag=1, clientAddr=127.0.0.1",
              "type" => "operation",
         "writeFlag" => "1",
        "clientAddr" => "127.0.0.1",
        "@timestamp" => 2018-10-24T14:49:41.487Z,
            "dataId" => "1860218",
           "objPath" => "/sdcCineca/home/irodsmaster/quota-error.log",
          "@version" => "1",
         "data_type" => "object",
          "rescName" => "cinecaRes1",
     "rodsZoneProxy" => "sdcCineca",
     "userNameProxy" => "irodsmaster"
}
